
tmcheck -par "QOI_Ram_impl_1.par" 

bitgen -w "QOI_Ram_impl_1.udb" -f "QOI_Ram_impl_1.t2b" 
Loading QOI_Ram_impl_1.udb ...
Loading device for application GENERIC from file 'itpa08.nph' in environment: C:/lscc/radiant/2023.1/ispfpga.
Package Status:                     Preliminary    Version 1.5.
Performance Hardware Data Status:   Advanced       Version 1.0.



Design:  qoi2top
Family:  iCE40UP
Device:  iCE40UP5K
Package: SG48
Performance Grade:   High-Performance_1.2V
Successfully loading design udb and device data from disks and to up-layer in CPU time: 1 secs , REAL time: 2 secs 



BITGEN: Bitstream Generator Radiant Software (64-bit) 2023.1.0.43.3
Copyright (c) 1991-1994 by NeoCAD Inc. All rights reserved.
Copyright (c) 1995 AT&T Corp.   All rights reserved.
Copyright (c) 1995-2001 Lucent Technologies Inc.  All rights reserved.
Copyright (c) 2001 Agere Systems   All rights reserved.
Copyright (c) 2002-2023 Lattice Semiconductor Corporation,  All rights reserved.


Running DRC.
DRC detected 0 errors and 0 warnings.

Preference Summary:
+---------------------------------+---------------------------------+
|  Preference                     |  Current Setting                |
+---------------------------------+---------------------------------+
 *  Default setting.
 ** The specified setting matches the default setting.


Creating bit map...
Saving bit stream in "X:\Documents\Polarbear\College\Classes\Engineering\MicroPs\FinalProject\FPGA\QOI_Ram\impl_1\QOI_Ram_impl_1.bin".
Bitstream generation complete!

Total CPU Time: 3 secs 
Total REAL Time: 4 secs 
Peak Memory Usage: 187 MB


ibisgen "QOI_Ram_impl_1.udb" "C:/lscc/radiant/2023.1/cae_library/ibis/iCE40UP.ibs"
IBIS Models Generator: Lattice Radiant Software (64-bit) 2023.1.0.43.3

Sun Dec  3 13:42:55 2023

Loading QOI_Ram_impl_1.udb ...
Loading device for application GENERIC from file 'itpa08.nph' in environment: C:/lscc/radiant/2023.1/ispfpga.
Package Status:                     Preliminary    Version 1.5.
Performance Hardware Data Status:   Advanced       Version 1.0.



Design:  qoi2top
Family:  iCE40UP
Device:  iCE40UP5K
Package: SG48
Performance Grade:   High-Performance_1.2V
Successfully loading design udb and device data from disks and to up-layer in CPU time: 1 secs , REAL time: 0 secs 

Created design models.


Generating: X:\Documents\Polarbear\College\Classes\Engineering\MicroPs\FinalProject\FPGA\QOI_Ram\impl_1\IBIS\QOI_Ram_impl_1.ibs


    <postMsg mid="1191031" type="Info" dynamic="0" navigation="0"  />

backanno "QOI_Ram_impl_1.udb"  -o "QOI_Ram_impl_1_vo.vo"      -sp "High-Performance_1.2V"  -w -neg
backanno: version Radiant Software (64-bit) 2023.1.0.43.3
Copyright (c) 1991-1994 by NeoCAD Inc. All rights reserved.
Copyright (c) 1995 AT&T Corp.   All rights reserved.
Copyright (c) 1995-2001 Lucent Technologies Inc.  All rights reserved.
Copyright (c) 2001 Agere Systems   All rights reserved.
Copyright (c) 2002-2023 Lattice Semiconductor Corporation,  All rights reserved.

Loading device for application GENERIC from file 'itpa08.nph' in environment: C:/lscc/radiant/2023.1/ispfpga.
Package Status:                     Preliminary    Version 1.5.
Loading udb::Database ...
Design:  qoi2top
Family:  iCE40UP
Device:  iCE40UP5K
Package: SG48
Performance Grade:   High-Performance_1.2V
Performance Hardware Data Status:   Advanced       Version 1.0.



Writing a verilog netlist based on the QOI_Ram_impl_1 design file.

Writing Verilog netlist to file QOI_Ram_impl_1_vo.vo
Writing SDF timing to file QOI_Ram_impl_1_vo.sdf
Backanno finished with 0 posted error messages.
Total CPU Time: 21 secs 
Total REAL Time: 24 secs 
Peak Memory Usage: 250 MB
